<?xml version="1.0" encoding="UTF-8"?>
<!-- Generated by org.testng.reporters.JUnitReportReporter -->
<testsuite hostname="Arti" failures="0" tests="1" name="com.automation.testcases.cartPageTest" time="10.429" errors="0" timestamp="2024-11-24T16:49:41 IST" skipped="0">
  <testcase classname="com.automation.testcases.cartPageTest" name="verifySelectCountryAndState" time="10.429"/>
</testsuite> <!-- com.automation.testcases.cartPageTest -->
