<?xml version="1.0" encoding="UTF-8"?>
<!-- Generated by org.testng.reporters.JUnitReportReporter -->
<testsuite hostname="Arti" failures="0" tests="3" name="com.automation.testcases.careersTest" time="7.868" errors="0" timestamp="2024-11-26T09:36:03 IST" skipped="0">
  <testcase classname="com.automation.testcases.careersTest" name="verifyCareersPageFunctionalityWithExcelSheet" time="3.771"/>
  <testcase classname="com.automation.testcases.careersTest" name="testCareersPageUSingDataProvider" time="0.830"/>
  <testcase classname="com.automation.testcases.careersTest" name="verifyCareersPageFunctionalityFromDataBase" time="3.267"/>
</testsuite> <!-- com.automation.testcases.careersTest -->
