<?xml version="1.0" encoding="UTF-8"?>
<!-- Generated by org.testng.reporters.JUnitReportReporter -->
<testsuite hostname="Arti" failures="0" tests="1" name="com.automation.executionFiles.Base" time="3.681" errors="0" timestamp="2024-11-23T22:50:18 IST" skipped="0">
  <testcase classname="com.automation.executionFiles.Base" name="onStart" time="3.681"/>
</testsuite> <!-- com.automation.executionFiles.Base -->
