<?xml version="1.0" encoding="UTF-8"?>
<!-- Generated by org.testng.reporters.JUnitReportReporter -->
<testsuite hostname="Arti" failures="0" tests="2" name="com.automation.testcases.HomeTest" time="3.315" errors="0" timestamp="2024-11-24T17:10:53 IST" skipped="0">
  <testcase classname="com.automation.testcases.HomeTest" name="VerifyPresenceOfWeddingSpecilHeaderCat" time="0.258"/>
  <testcase classname="com.automation.testcases.HomeTest" name="verifySearchBeveragesByDragAndDrop" time="3.057"/>
</testsuite> <!-- com.automation.testcases.HomeTest -->
