<?xml version="1.0" encoding="UTF-8"?>
<!-- Generated by org.testng.reporters.JUnitReportReporter -->
<testsuite hostname="Arti" failures="0" tests="3" name="com.automation.testcases.careersTest" time="10.595" errors="0" timestamp="2024-11-24T16:00:55 IST" skipped="0">
  <testcase classname="com.automation.testcases.careersTest" name="verifyCareersPageFunctionalityFromDB" time="3.201"/>
  <testcase classname="com.automation.testcases.careersTest" name="verifyCareersPageFunctionality" time="6.113"/>
  <testcase classname="com.automation.testcases.careersTest" name="testCareersPageUSingDataProvider" time="1.281"/>
</testsuite> <!-- com.automation.testcases.careersTest -->
