<?xml version="1.0" encoding="UTF-8"?>
<!-- Generated by org.testng.reporters.JUnitReportReporter -->
<testsuite hostname="Arti" failures="0" tests="3" name="com.automation.testcases.careersTest" time="7.006" errors="0" timestamp="2024-11-26T09:40:29 IST" skipped="0">
  <testcase classname="com.automation.testcases.careersTest" name="verifyCareersPageFunctionalityFromDataBase" time="2.699"/>
  <testcase classname="com.automation.testcases.careersTest" name="verifyCareersPageFunctionalityWithExcelSheet" time="2.832"/>
  <testcase classname="com.automation.testcases.careersTest" name="testCareersPageUSingDataProvider" time="1.475"/>
</testsuite> <!-- com.automation.testcases.careersTest -->
